<?xml version="1.0" encoding="UTF-8"?>
<!-- Generated by org.testng.reporters.JUnitReportReporter -->
<testsuite skipped="0" hostname="Danzee" name="tests.Scenario1" tests="1" failures="0" timestamp="29 Sep 2019 07:21:01 GMT" time="50.746" errors="0">
  <testcase name="scenario1" time="50.746" classname="tests.Scenario1"/>
</testsuite> <!-- tests.Scenario1 -->
