<?xml version="1.0" encoding="UTF-8"?>
<!-- Generated by org.testng.reporters.JUnitReportReporter -->
<testsuite skipped="0" hostname="Danzee" name="PageMethods.HomePage" tests="1" failures="0" timestamp="26 Sep 2019 16:19:51 GMT" time="8.218" errors="0">
  <testcase name="test" time="8.218" classname="PageMethods.HomePage"/>
</testsuite> <!-- PageMethods.HomePage -->
