<?xml version="1.0" encoding="UTF-8"?>
<!-- Generated by org.testng.reporters.JUnitReportReporter -->
<testsuite skipped="0" hostname="Danzee" name="Locators.Scenario1" tests="1" failures="0" timestamp="26 Sep 2019 15:09:11 GMT" time="0.541" errors="0">
  <testcase name="test" time="0.541" classname="Locators.Scenario1"/>
</testsuite> <!-- Locators.Scenario1 -->
